<?xml version="1.0" encoding="UTF-8"?>
<!-- Generated by org.testng.reporters.JUnitReportReporter -->
<testsuite hostname="BASEL-PC" failures="0" tests="3" name="Customer.login" time="5.231" errors="0" timestamp="2023-01-19T12:39:54 EET" skipped="0">
  <testcase classname="Customer.login" name="LoginAsCustomer" time="1.620"/>
  <system-out/>
  <testcase classname="Customer.login" name="AddingAmount" time="3.487"/>
  <system-out/>
  <testcase classname="Customer.login" name="Withdraw_invalid_amount" time="0.124"/>
  <system-out/>
</testsuite> <!-- Customer.login -->
